<?xml version="1.0" encoding="UTF-8"?>
<!-- Generated by org.testng.reporters.JUnitXMLReporter -->
<testsuite ignored="0" hostname="ip-172-31-21-20" failures="0" tests="9" name="Test" time="58.698" errors="0" timestamp="2023-09-04T13:03:47 UTC">
  <testcase classname="testPage.restapicheck" name="getAllProduct" time="1.785"/>
  <testcase classname="testPage.restapicheck" name="getCategoryData" time="0.045"/>
  <testcase classname="testPage.MedicarePageTest" name="userRegisterPageVerfiy" time="5.679"/>
  <testcase classname="testPage.MedicarePageTest" name="userLoginPageVerify" time="2.572"/>
  <testcase classname="testPage.MedicarePageTest" name="validateSingleProduct" time="16.217"/>
  <testcase classname="testPage.MedicarePageTest" name="verfiyMultiProductAdd" time="17.66"/>
  <testcase classname="testPage.MedicarePageTest" name="logoutPage" time="1.218"/>
  <testcase classname="testPage.MedicarePageTest" name="supplierRegisterPageVerify" time="7.658"/>
  <testcase classname="testPage.MedicarePageTest" name="supplierLoginPageVerify" time="3.588"/>
</testsuite> <!-- Test -->
