<?xml version="1.0" encoding="UTF-8"?>
<testng-results ignored="0" total="9" passed="9" failed="0" skipped="0">
  <reporter-output>
  </reporter-output>
  <suite started-at="2023-09-04T13:02:48 UTC" name="Suite" finished-at="2023-09-04T13:03:47 UTC" duration-ms="58698">
    <groups>
    </groups>
    <test started-at="2023-09-04T13:02:48 UTC" name="Test" finished-at="2023-09-04T13:03:47 UTC" duration-ms="58698">
      <class name="testPage.restapicheck">
        <test-method signature="getAllProduct()[pri:0, instance:testPage.restapicheck@4fb3ee4e]" started-at="2023-09-04T13:02:50 UTC" name="getAllProduct" finished-at="2023-09-04T13:02:52 UTC" duration-ms="1785" status="PASS">
          <reporter-output>
          </reporter-output>
        </test-method> <!-- getAllProduct -->
        <test-method signature="getCategoryData()[pri:0, instance:testPage.restapicheck@4fb3ee4e]" started-at="2023-09-04T13:02:52 UTC" name="getCategoryData" finished-at="2023-09-04T13:02:52 UTC" duration-ms="45" status="PASS">
          <reporter-output>
          </reporter-output>
        </test-method> <!-- getCategoryData -->
      </class> <!-- testPage.restapicheck -->
      <class name="testPage.MedicarePageTest">
        <test-method is-config="true" signature="homePage()[pri:0, instance:testPage.MedicarePageTest@1b11171f]" started-at="2023-09-04T13:02:48 UTC" name="homePage" finished-at="2023-09-04T13:02:50 UTC" duration-ms="2119" status="PASS">
          <reporter-output>
          </reporter-output>
        </test-method> <!-- homePage -->
        <test-method signature="userRegisterPageVerfiy()[pri:1, instance:testPage.MedicarePageTest@1b11171f]" started-at="2023-09-04T13:02:52 UTC" name="userRegisterPageVerfiy" finished-at="2023-09-04T13:02:58 UTC" duration-ms="5679" status="PASS">
          <reporter-output>
          </reporter-output>
        </test-method> <!-- userRegisterPageVerfiy -->
        <test-method signature="userLoginPageVerify()[pri:2, instance:testPage.MedicarePageTest@1b11171f]" started-at="2023-09-04T13:02:58 UTC" name="userLoginPageVerify" finished-at="2023-09-04T13:03:00 UTC" duration-ms="2572" status="PASS">
          <reporter-output>
          </reporter-output>
        </test-method> <!-- userLoginPageVerify -->
        <test-method signature="validateSingleProduct()[pri:3, instance:testPage.MedicarePageTest@1b11171f]" started-at="2023-09-04T13:03:00 UTC" name="validateSingleProduct" finished-at="2023-09-04T13:03:16 UTC" duration-ms="16217" status="PASS">
          <reporter-output>
          </reporter-output>
        </test-method> <!-- validateSingleProduct -->
        <test-method signature="verfiyMultiProductAdd()[pri:4, instance:testPage.MedicarePageTest@1b11171f]" started-at="2023-09-04T13:03:16 UTC" name="verfiyMultiProductAdd" finished-at="2023-09-04T13:03:34 UTC" duration-ms="17660" status="PASS">
          <reporter-output>
          </reporter-output>
        </test-method> <!-- verfiyMultiProductAdd -->
        <test-method signature="logoutPage()[pri:5, instance:testPage.MedicarePageTest@1b11171f]" started-at="2023-09-04T13:03:34 UTC" name="logoutPage" finished-at="2023-09-04T13:03:35 UTC" duration-ms="1218" status="PASS">
          <reporter-output>
          </reporter-output>
        </test-method> <!-- logoutPage -->
        <test-method signature="supplierRegisterPageVerify()[pri:6, instance:testPage.MedicarePageTest@1b11171f]" started-at="2023-09-04T13:03:35 UTC" name="supplierRegisterPageVerify" finished-at="2023-09-04T13:03:43 UTC" duration-ms="7658" status="PASS">
          <reporter-output>
          </reporter-output>
        </test-method> <!-- supplierRegisterPageVerify -->
        <test-method signature="supplierLoginPageVerify()[pri:7, instance:testPage.MedicarePageTest@1b11171f]" started-at="2023-09-04T13:03:43 UTC" name="supplierLoginPageVerify" finished-at="2023-09-04T13:03:47 UTC" duration-ms="3588" status="PASS">
          <reporter-output>
          </reporter-output>
        </test-method> <!-- supplierLoginPageVerify -->
        <test-method is-config="true" signature="closeBrowser()[pri:0, instance:testPage.MedicarePageTest@1b11171f]" started-at="2023-09-04T13:03:47 UTC" name="closeBrowser" finished-at="2023-09-04T13:03:47 UTC" duration-ms="105" status="PASS">
          <reporter-output>
          </reporter-output>
        </test-method> <!-- closeBrowser -->
      </class> <!-- testPage.MedicarePageTest -->
    </test> <!-- Test -->
  </suite> <!-- Suite -->
</testng-results>
